<?xml version="1.0" encoding="UTF-8"?>
<!-- Generated by org.testng.reporters.JUnitXMLReporter -->
<testsuite hostname="Srikanth" name="Validating title in the Page" tests="1" failures="1" timestamp="18 May 2019 21:48:12 GMT" time="27.005" errors="0">
  <testcase name="validateAppTitle" time="0.164" classname="Academy.validateTitle">
    <failure type="java.lang.AssertionError" message="expected [FEATURED CO123URSES] but found [FEATURED COURSES]">
      <![CDATA[java.lang.AssertionError: expected [FEATURED CO123URSES] but found [FEATURED COURSES]
	at Academy.validateTitle.validateAppTitle(validateTitle.java:41)
... Removed 33 stack frames]]>
    </failure>
  </testcase> <!-- validateAppTitle -->
</testsuite> <!-- Validating title in the Page -->
